Warning message:
package 'twitteR' was built under R version 4.0.5 
-- Attaching packages --------------------------------------- tidyverse 1.3.0 --
v ggplot2 3.3.5     v purrr   0.3.4
v tibble  3.1.6     v dplyr   1.0.7
v tidyr   1.1.4     v stringr 1.4.0
v readr   1.4.0     v forcats 0.5.0
-- Conflicts ------------------------------------------ tidyverse_conflicts() --
x dplyr::filter()   masks stats::filter()
x dplyr::id()       masks twitteR::id()
x dplyr::lag()      masks stats::lag()
x dplyr::location() masks twitteR::location()
Warning messages:
1: package 'ggplot2' was built under R version 4.0.5 
2: package 'tidyr' was built under R version 4.0.5 
3: package 'dplyr' was built under R version 4.0.5 
Warning message:
package 'splitstackshape' was built under R version 4.0.5 
Loading required package: gsubfn
Loading required package: proto
Loading required package: RSQLite
Warning message:
package 'sqldf' was built under R version 4.0.5 

Attaching package: 'rtweet'

The following object is masked from 'package:purrr':

    flatten

The following object is masked from 'package:twitteR':

    lookup_statuses

Warning message:
package 'mongolite' was built under R version 4.0.5 
Warning message:
package 'beepr' was built under R version 4.0.5 
List of 5
 $ nInserted  : num 1786
 $ nMatched   : num 0
 $ nRemoved   : num 0
 $ nUpserted  : num 0
 $ writeErrors: list()
Warning message:
package 'twitteR' was built under R version 4.0.5 
-- Attaching packages --------------------------------------- tidyverse 1.3.0 --
v ggplot2 3.3.5     v purrr   0.3.4
v tibble  3.1.6     v dplyr   1.0.7
v tidyr   1.1.4     v stringr 1.4.0
v readr   1.4.0     v forcats 0.5.0
-- Conflicts ------------------------------------------ tidyverse_conflicts() --
x dplyr::filter()   masks stats::filter()
x dplyr::id()       masks twitteR::id()
x dplyr::lag()      masks stats::lag()
x dplyr::location() masks twitteR::location()
Warning messages:
1: package 'ggplot2' was built under R version 4.0.5 
2: package 'tidyr' was built under R version 4.0.5 
3: package 'dplyr' was built under R version 4.0.5 
Warning message:
package 'splitstackshape' was built under R version 4.0.5 
Loading required package: gsubfn
Loading required package: proto
Loading required package: RSQLite
Warning message:
package 'sqldf' was built under R version 4.0.5 

Attaching package: 'rtweet'

The following object is masked from 'package:purrr':

    flatten

The following object is masked from 'package:twitteR':

    lookup_statuses

Warning message:
package 'mongolite' was built under R version 4.0.5 
Warning message:
package 'beepr' was built under R version 4.0.5 
List of 5
 $ nInserted  : num 1789
 $ nMatched   : num 0
 $ nRemoved   : num 0
 $ nUpserted  : num 0
 $ writeErrors: list()
Warning message:
package 'twitteR' was built under R version 4.0.5 
-- Attaching packages --------------------------------------- tidyverse 1.3.0 --
v ggplot2 3.3.5     v purrr   0.3.4
v tibble  3.1.6     v dplyr   1.0.7
v tidyr   1.1.4     v stringr 1.4.0
v readr   1.4.0     v forcats 0.5.0
-- Conflicts ------------------------------------------ tidyverse_conflicts() --
x dplyr::filter()   masks stats::filter()
x dplyr::id()       masks twitteR::id()
x dplyr::lag()      masks stats::lag()
x dplyr::location() masks twitteR::location()
Warning messages:
1: package 'ggplot2' was built under R version 4.0.5 
2: package 'tidyr' was built under R version 4.0.5 
3: package 'dplyr' was built under R version 4.0.5 
Warning message:
package 'splitstackshape' was built under R version 4.0.5 
Loading required package: gsubfn
Loading required package: proto
Loading required package: RSQLite
Warning message:
package 'sqldf' was built under R version 4.0.5 

Attaching package: 'rtweet'

The following object is masked from 'package:purrr':

    flatten

The following object is masked from 'package:twitteR':

    lookup_statuses

Warning message:
package 'mongolite' was built under R version 4.0.5 
Warning message:
package 'beepr' was built under R version 4.0.5 
List of 5
 $ nInserted  : num 1792
 $ nMatched   : num 0
 $ nRemoved   : num 0
 $ nUpserted  : num 0
 $ writeErrors: list()
Warning message:
package 'twitteR' was built under R version 4.0.5 
-- Attaching packages --------------------------------------- tidyverse 1.3.0 --
v ggplot2 3.3.5     v purrr   0.3.4
v tibble  3.1.6     v dplyr   1.0.7
v tidyr   1.1.4     v stringr 1.4.0
v readr   1.4.0     v forcats 0.5.0
-- Conflicts ------------------------------------------ tidyverse_conflicts() --
x dplyr::filter()   masks stats::filter()
x dplyr::id()       masks twitteR::id()
x dplyr::lag()      masks stats::lag()
x dplyr::location() masks twitteR::location()
Warning messages:
1: package 'ggplot2' was built under R version 4.0.5 
2: package 'tidyr' was built under R version 4.0.5 
3: package 'dplyr' was built under R version 4.0.5 
Warning message:
package 'splitstackshape' was built under R version 4.0.5 
Loading required package: gsubfn
Loading required package: proto
Loading required package: RSQLite
Warning message:
package 'sqldf' was built under R version 4.0.5 

Attaching package: 'rtweet'

The following object is masked from 'package:purrr':

    flatten

The following object is masked from 'package:twitteR':

    lookup_statuses

Warning message:
package 'mongolite' was built under R version 4.0.5 
Warning message:
package 'beepr' was built under R version 4.0.5 
List of 5
 $ nInserted  : num 1795
 $ nMatched   : num 0
 $ nRemoved   : num 0
 $ nUpserted  : num 0
 $ writeErrors: list()
Warning message:
package 'twitteR' was built under R version 4.0.5 
-- Attaching packages --------------------------------------- tidyverse 1.3.0 --
v ggplot2 3.3.5     v purrr   0.3.4
v tibble  3.1.6     v dplyr   1.0.7
v tidyr   1.1.4     v stringr 1.4.0
v readr   1.4.0     v forcats 0.5.0
-- Conflicts ------------------------------------------ tidyverse_conflicts() --
x dplyr::filter()   masks stats::filter()
x dplyr::id()       masks twitteR::id()
x dplyr::lag()      masks stats::lag()
x dplyr::location() masks twitteR::location()
Warning messages:
1: package 'ggplot2' was built under R version 4.0.5 
2: package 'tidyr' was built under R version 4.0.5 
3: package 'dplyr' was built under R version 4.0.5 
Warning message:
package 'splitstackshape' was built under R version 4.0.5 
Loading required package: gsubfn
Loading required package: proto
Loading required package: RSQLite
Warning message:
package 'sqldf' was built under R version 4.0.5 

Attaching package: 'rtweet'

The following object is masked from 'package:purrr':

    flatten

The following object is masked from 'package:twitteR':

    lookup_statuses

Warning message:
package 'mongolite' was built under R version 4.0.5 
Warning message:
package 'beepr' was built under R version 4.0.5 
List of 5
 $ nInserted  : num 1799
 $ nMatched   : num 0
 $ nRemoved   : num 0
 $ nUpserted  : num 0
 $ writeErrors: list()
Warning message:
package 'twitteR' was built under R version 4.0.5 
-- Attaching packages --------------------------------------- tidyverse 1.3.0 --
v ggplot2 3.3.5     v purrr   0.3.4
v tibble  3.1.6     v dplyr   1.0.7
v tidyr   1.1.4     v stringr 1.4.0
v readr   1.4.0     v forcats 0.5.0
-- Conflicts ------------------------------------------ tidyverse_conflicts() --
x dplyr::filter()   masks stats::filter()
x dplyr::id()       masks twitteR::id()
x dplyr::lag()      masks stats::lag()
x dplyr::location() masks twitteR::location()
Warning messages:
1: package 'ggplot2' was built under R version 4.0.5 
2: package 'tidyr' was built under R version 4.0.5 
3: package 'dplyr' was built under R version 4.0.5 
Warning message:
package 'splitstackshape' was built under R version 4.0.5 
Loading required package: gsubfn
Loading required package: proto
Loading required package: RSQLite
Warning message:
package 'sqldf' was built under R version 4.0.5 

Attaching package: 'rtweet'

The following object is masked from 'package:purrr':

    flatten

The following object is masked from 'package:twitteR':

    lookup_statuses

Warning message:
package 'mongolite' was built under R version 4.0.5 
Warning message:
package 'beepr' was built under R version 4.0.5 
List of 5
 $ nInserted  : num 1802
 $ nMatched   : num 0
 $ nRemoved   : num 0
 $ nUpserted  : num 0
 $ writeErrors: list()
Warning message:
package 'twitteR' was built under R version 4.0.5 
-- Attaching packages --------------------------------------- tidyverse 1.3.0 --
v ggplot2 3.3.5     v purrr   0.3.4
v tibble  3.1.6     v dplyr   1.0.7
v tidyr   1.1.4     v stringr 1.4.0
v readr   1.4.0     v forcats 0.5.0
-- Conflicts ------------------------------------------ tidyverse_conflicts() --
x dplyr::filter()   masks stats::filter()
x dplyr::id()       masks twitteR::id()
x dplyr::lag()      masks stats::lag()
x dplyr::location() masks twitteR::location()
Warning messages:
1: package 'ggplot2' was built under R version 4.0.5 
2: package 'tidyr' was built under R version 4.0.5 
3: package 'dplyr' was built under R version 4.0.5 
Warning message:
package 'splitstackshape' was built under R version 4.0.5 
Loading required package: gsubfn
Loading required package: proto
Loading required package: RSQLite
Warning message:
package 'sqldf' was built under R version 4.0.5 

Attaching package: 'rtweet'

The following object is masked from 'package:purrr':

    flatten

The following object is masked from 'package:twitteR':

    lookup_statuses

Warning message:
package 'mongolite' was built under R version 4.0.5 
Warning message:
package 'beepr' was built under R version 4.0.5 
List of 5
 $ nInserted  : num 1804
 $ nMatched   : num 0
 $ nRemoved   : num 0
 $ nUpserted  : num 0
 $ writeErrors: list()
Warning message:
package 'twitteR' was built under R version 4.0.5 
-- Attaching packages --------------------------------------- tidyverse 1.3.0 --
v ggplot2 3.3.5     v purrr   0.3.4
v tibble  3.1.6     v dplyr   1.0.7
v tidyr   1.1.4     v stringr 1.4.0
v readr   1.4.0     v forcats 0.5.0
-- Conflicts ------------------------------------------ tidyverse_conflicts() --
x dplyr::filter()   masks stats::filter()
x dplyr::id()       masks twitteR::id()
x dplyr::lag()      masks stats::lag()
x dplyr::location() masks twitteR::location()
Warning messages:
1: package 'ggplot2' was built under R version 4.0.5 
2: package 'tidyr' was built under R version 4.0.5 
3: package 'dplyr' was built under R version 4.0.5 
Warning message:
package 'splitstackshape' was built under R version 4.0.5 
Loading required package: gsubfn
Loading required package: proto
Loading required package: RSQLite
Warning message:
package 'sqldf' was built under R version 4.0.5 

Attaching package: 'rtweet'

The following object is masked from 'package:purrr':

    flatten

The following object is masked from 'package:twitteR':

    lookup_statuses

Warning message:
package 'mongolite' was built under R version 4.0.5 
Warning message:
package 'beepr' was built under R version 4.0.5 
List of 5
 $ nInserted  : num 1807
 $ nMatched   : num 0
 $ nRemoved   : num 0
 $ nUpserted  : num 0
 $ writeErrors: list()
Warning message:
package 'twitteR' was built under R version 4.0.5 
-- Attaching packages --------------------------------------- tidyverse 1.3.0 --
v ggplot2 3.3.5     v purrr   0.3.4
v tibble  3.1.6     v dplyr   1.0.7
v tidyr   1.1.4     v stringr 1.4.0
v readr   1.4.0     v forcats 0.5.0
-- Conflicts ------------------------------------------ tidyverse_conflicts() --
x dplyr::filter()   masks stats::filter()
x dplyr::id()       masks twitteR::id()
x dplyr::lag()      masks stats::lag()
x dplyr::location() masks twitteR::location()
Warning messages:
1: package 'ggplot2' was built under R version 4.0.5 
2: package 'tidyr' was built under R version 4.0.5 
3: package 'dplyr' was built under R version 4.0.5 
Warning message:
package 'splitstackshape' was built under R version 4.0.5 
Loading required package: gsubfn
Loading required package: proto
Loading required package: RSQLite
Warning message:
package 'sqldf' was built under R version 4.0.5 

Attaching package: 'rtweet'

The following object is masked from 'package:purrr':

    flatten

The following object is masked from 'package:twitteR':

    lookup_statuses

Warning message:
package 'mongolite' was built under R version 4.0.5 
Warning message:
package 'beepr' was built under R version 4.0.5 
List of 5
 $ nInserted  : num 1813
 $ nMatched   : num 0
 $ nRemoved   : num 0
 $ nUpserted  : num 0
 $ writeErrors: list()
Warning message:
package 'twitteR' was built under R version 4.0.5 
-- Attaching packages --------------------------------------- tidyverse 1.3.0 --
v ggplot2 3.3.5     v purrr   0.3.4
v tibble  3.1.6     v dplyr   1.0.7
v tidyr   1.1.4     v stringr 1.4.0
v readr   1.4.0     v forcats 0.5.0
-- Conflicts ------------------------------------------ tidyverse_conflicts() --
x dplyr::filter()   masks stats::filter()
x dplyr::id()       masks twitteR::id()
x dplyr::lag()      masks stats::lag()
x dplyr::location() masks twitteR::location()
Warning messages:
1: package 'ggplot2' was built under R version 4.0.5 
2: package 'tidyr' was built under R version 4.0.5 
3: package 'dplyr' was built under R version 4.0.5 
Warning message:
package 'splitstackshape' was built under R version 4.0.5 
Loading required package: gsubfn
Loading required package: proto
Loading required package: RSQLite
Warning message:
package 'sqldf' was built under R version 4.0.5 

Attaching package: 'rtweet'

The following object is masked from 'package:purrr':

    flatten

The following object is masked from 'package:twitteR':

    lookup_statuses

Warning message:
package 'mongolite' was built under R version 4.0.5 
Warning message:
package 'beepr' was built under R version 4.0.5 
List of 5
 $ nInserted  : num 1820
 $ nMatched   : num 0
 $ nRemoved   : num 0
 $ nUpserted  : num 0
 $ writeErrors: list()
Warning message:
package 'twitteR' was built under R version 4.0.5 
-- Attaching packages --------------------------------------- tidyverse 1.3.0 --
v ggplot2 3.3.5     v purrr   0.3.4
v tibble  3.1.6     v dplyr   1.0.7
v tidyr   1.1.4     v stringr 1.4.0
v readr   1.4.0     v forcats 0.5.0
-- Conflicts ------------------------------------------ tidyverse_conflicts() --
x dplyr::filter()   masks stats::filter()
x dplyr::id()       masks twitteR::id()
x dplyr::lag()      masks stats::lag()
x dplyr::location() masks twitteR::location()
Warning messages:
1: package 'ggplot2' was built under R version 4.0.5 
2: package 'tidyr' was built under R version 4.0.5 
3: package 'dplyr' was built under R version 4.0.5 
Warning message:
package 'splitstackshape' was built under R version 4.0.5 
Loading required package: gsubfn
Loading required package: proto
Loading required package: RSQLite
Warning message:
package 'sqldf' was built under R version 4.0.5 

Attaching package: 'rtweet'

The following object is masked from 'package:purrr':

    flatten

The following object is masked from 'package:twitteR':

    lookup_statuses

Warning message:
package 'mongolite' was built under R version 4.0.5 
Warning message:
package 'beepr' was built under R version 4.0.5 
List of 5
 $ nInserted  : num 1824
 $ nMatched   : num 0
 $ nRemoved   : num 0
 $ nUpserted  : num 0
 $ writeErrors: list()
Warning message:
package 'twitteR' was built under R version 4.0.5 
-- Attaching packages --------------------------------------- tidyverse 1.3.0 --
v ggplot2 3.3.5     v purrr   0.3.4
v tibble  3.1.6     v dplyr   1.0.7
v tidyr   1.1.4     v stringr 1.4.0
v readr   1.4.0     v forcats 0.5.0
-- Conflicts ------------------------------------------ tidyverse_conflicts() --
x dplyr::filter()   masks stats::filter()
x dplyr::id()       masks twitteR::id()
x dplyr::lag()      masks stats::lag()
x dplyr::location() masks twitteR::location()
Warning messages:
1: package 'ggplot2' was built under R version 4.0.5 
2: package 'tidyr' was built under R version 4.0.5 
3: package 'dplyr' was built under R version 4.0.5 
Warning message:
package 'splitstackshape' was built under R version 4.0.5 
Loading required package: gsubfn
Loading required package: proto
Loading required package: RSQLite
Warning message:
package 'sqldf' was built under R version 4.0.5 

Attaching package: 'rtweet'

The following object is masked from 'package:purrr':

    flatten

The following object is masked from 'package:twitteR':

    lookup_statuses

Warning message:
package 'mongolite' was built under R version 4.0.5 
Warning message:
package 'beepr' was built under R version 4.0.5 
List of 5
 $ nInserted  : num 1827
 $ nMatched   : num 0
 $ nRemoved   : num 0
 $ nUpserted  : num 0
 $ writeErrors: list()
Warning message:
package 'twitteR' was built under R version 4.0.5 
-- Attaching packages --------------------------------------- tidyverse 1.3.0 --
v ggplot2 3.3.5     v purrr   0.3.4
v tibble  3.1.6     v dplyr   1.0.7
v tidyr   1.1.4     v stringr 1.4.0
v readr   1.4.0     v forcats 0.5.0
-- Conflicts ------------------------------------------ tidyverse_conflicts() --
x dplyr::filter()   masks stats::filter()
x dplyr::id()       masks twitteR::id()
x dplyr::lag()      masks stats::lag()
x dplyr::location() masks twitteR::location()
Warning messages:
1: package 'ggplot2' was built under R version 4.0.5 
2: package 'tidyr' was built under R version 4.0.5 
3: package 'dplyr' was built under R version 4.0.5 
Warning message:
package 'splitstackshape' was built under R version 4.0.5 
Loading required package: gsubfn
Loading required package: proto
Loading required package: RSQLite
Warning message:
package 'sqldf' was built under R version 4.0.5 

Attaching package: 'rtweet'

The following object is masked from 'package:purrr':

    flatten

The following object is masked from 'package:twitteR':

    lookup_statuses

Warning message:
package 'mongolite' was built under R version 4.0.5 
Warning message:
package 'beepr' was built under R version 4.0.5 
List of 5
 $ nInserted  : num 1831
 $ nMatched   : num 0
 $ nRemoved   : num 0
 $ nUpserted  : num 0
 $ writeErrors: list()
Warning message:
package 'twitteR' was built under R version 4.0.5 
-- Attaching packages --------------------------------------- tidyverse 1.3.0 --
v ggplot2 3.3.5     v purrr   0.3.4
v tibble  3.1.6     v dplyr   1.0.7
v tidyr   1.1.4     v stringr 1.4.0
v readr   1.4.0     v forcats 0.5.0
-- Conflicts ------------------------------------------ tidyverse_conflicts() --
x dplyr::filter()   masks stats::filter()
x dplyr::id()       masks twitteR::id()
x dplyr::lag()      masks stats::lag()
x dplyr::location() masks twitteR::location()
Warning messages:
1: package 'ggplot2' was built under R version 4.0.5 
2: package 'tidyr' was built under R version 4.0.5 
3: package 'dplyr' was built under R version 4.0.5 
Warning message:
package 'splitstackshape' was built under R version 4.0.5 
Loading required package: gsubfn
Loading required package: proto
Loading required package: RSQLite
Warning message:
package 'sqldf' was built under R version 4.0.5 

Attaching package: 'rtweet'

The following object is masked from 'package:purrr':

    flatten

The following object is masked from 'package:twitteR':

    lookup_statuses

Warning message:
package 'mongolite' was built under R version 4.0.5 
Warning message:
package 'beepr' was built under R version 4.0.5 
List of 5
 $ nInserted  : num 1834
 $ nMatched   : num 0
 $ nRemoved   : num 0
 $ nUpserted  : num 0
 $ writeErrors: list()
Warning message:
package 'twitteR' was built under R version 4.0.5 
-- Attaching packages --------------------------------------- tidyverse 1.3.0 --
v ggplot2 3.3.5     v purrr   0.3.4
v tibble  3.1.6     v dplyr   1.0.7
v tidyr   1.1.4     v stringr 1.4.0
v readr   1.4.0     v forcats 0.5.0
-- Conflicts ------------------------------------------ tidyverse_conflicts() --
x dplyr::filter()   masks stats::filter()
x dplyr::id()       masks twitteR::id()
x dplyr::lag()      masks stats::lag()
x dplyr::location() masks twitteR::location()
Warning messages:
1: package 'ggplot2' was built under R version 4.0.5 
2: package 'tidyr' was built under R version 4.0.5 
3: package 'dplyr' was built under R version 4.0.5 
Warning message:
package 'splitstackshape' was built under R version 4.0.5 
Loading required package: gsubfn
Loading required package: proto
Loading required package: RSQLite
Warning message:
package 'sqldf' was built under R version 4.0.5 

Attaching package: 'rtweet'

The following object is masked from 'package:purrr':

    flatten

The following object is masked from 'package:twitteR':

    lookup_statuses

Warning message:
package 'mongolite' was built under R version 4.0.5 
Warning message:
package 'beepr' was built under R version 4.0.5 
List of 5
 $ nInserted  : num 1840
 $ nMatched   : num 0
 $ nRemoved   : num 0
 $ nUpserted  : num 0
 $ writeErrors: list()
Warning message:
package 'twitteR' was built under R version 4.0.5 
-- Attaching packages --------------------------------------- tidyverse 1.3.0 --
v ggplot2 3.3.5     v purrr   0.3.4
v tibble  3.1.6     v dplyr   1.0.7
v tidyr   1.1.4     v stringr 1.4.0
v readr   1.4.0     v forcats 0.5.0
-- Conflicts ------------------------------------------ tidyverse_conflicts() --
x dplyr::filter()   masks stats::filter()
x dplyr::id()       masks twitteR::id()
x dplyr::lag()      masks stats::lag()
x dplyr::location() masks twitteR::location()
Warning messages:
1: package 'ggplot2' was built under R version 4.0.5 
2: package 'tidyr' was built under R version 4.0.5 
3: package 'dplyr' was built under R version 4.0.5 
Warning message:
package 'splitstackshape' was built under R version 4.0.5 
Loading required package: gsubfn
Loading required package: proto
Loading required package: RSQLite
Warning message:
package 'sqldf' was built under R version 4.0.5 

Attaching package: 'rtweet'

The following object is masked from 'package:purrr':

    flatten

The following object is masked from 'package:twitteR':

    lookup_statuses

Warning message:
package 'mongolite' was built under R version 4.0.5 
Warning message:
package 'beepr' was built under R version 4.0.5 
List of 5
 $ nInserted  : num 1842
 $ nMatched   : num 0
 $ nRemoved   : num 0
 $ nUpserted  : num 0
 $ writeErrors: list()
Warning message:
package 'twitteR' was built under R version 4.0.5 
-- Attaching packages --------------------------------------- tidyverse 1.3.0 --
v ggplot2 3.3.5     v purrr   0.3.4
v tibble  3.1.6     v dplyr   1.0.7
v tidyr   1.1.4     v stringr 1.4.0
v readr   1.4.0     v forcats 0.5.0
-- Conflicts ------------------------------------------ tidyverse_conflicts() --
x dplyr::filter()   masks stats::filter()
x dplyr::id()       masks twitteR::id()
x dplyr::lag()      masks stats::lag()
x dplyr::location() masks twitteR::location()
Warning messages:
1: package 'ggplot2' was built under R version 4.0.5 
2: package 'tidyr' was built under R version 4.0.5 
3: package 'dplyr' was built under R version 4.0.5 
Warning message:
package 'splitstackshape' was built under R version 4.0.5 
Loading required package: gsubfn
Loading required package: proto
Loading required package: RSQLite
Warning message:
package 'sqldf' was built under R version 4.0.5 

Attaching package: 'rtweet'

The following object is masked from 'package:purrr':

    flatten

The following object is masked from 'package:twitteR':

    lookup_statuses

Warning message:
package 'mongolite' was built under R version 4.0.5 
Warning message:
package 'beepr' was built under R version 4.0.5 
List of 5
 $ nInserted  : num 1845
 $ nMatched   : num 0
 $ nRemoved   : num 0
 $ nUpserted  : num 0
 $ writeErrors: list()
Warning message:
package 'twitteR' was built under R version 4.0.5 
-- Attaching packages --------------------------------------- tidyverse 1.3.0 --
v ggplot2 3.3.5     v purrr   0.3.4
v tibble  3.1.6     v dplyr   1.0.7
v tidyr   1.1.4     v stringr 1.4.0
v readr   1.4.0     v forcats 0.5.0
-- Conflicts ------------------------------------------ tidyverse_conflicts() --
x dplyr::filter()   masks stats::filter()
x dplyr::id()       masks twitteR::id()
x dplyr::lag()      masks stats::lag()
x dplyr::location() masks twitteR::location()
Warning messages:
1: package 'ggplot2' was built under R version 4.0.5 
2: package 'tidyr' was built under R version 4.0.5 
3: package 'dplyr' was built under R version 4.0.5 
Warning message:
package 'splitstackshape' was built under R version 4.0.5 
Loading required package: gsubfn
Loading required package: proto
Loading required package: RSQLite
Warning message:
package 'sqldf' was built under R version 4.0.5 

Attaching package: 'rtweet'

The following object is masked from 'package:purrr':

    flatten

The following object is masked from 'package:twitteR':

    lookup_statuses

Warning message:
package 'mongolite' was built under R version 4.0.5 
Warning message:
package 'beepr' was built under R version 4.0.5 
List of 5
 $ nInserted  : num 1847
 $ nMatched   : num 0
 $ nRemoved   : num 0
 $ nUpserted  : num 0
 $ writeErrors: list()
Warning message:
package 'twitteR' was built under R version 4.0.5 
-- Attaching packages --------------------------------------- tidyverse 1.3.0 --
v ggplot2 3.3.5     v purrr   0.3.4
v tibble  3.1.6     v dplyr   1.0.7
v tidyr   1.1.4     v stringr 1.4.0
v readr   1.4.0     v forcats 0.5.0
-- Conflicts ------------------------------------------ tidyverse_conflicts() --
x dplyr::filter()   masks stats::filter()
x dplyr::id()       masks twitteR::id()
x dplyr::lag()      masks stats::lag()
x dplyr::location() masks twitteR::location()
Warning messages:
1: package 'ggplot2' was built under R version 4.0.5 
2: package 'tidyr' was built under R version 4.0.5 
3: package 'dplyr' was built under R version 4.0.5 
Warning message:
package 'splitstackshape' was built under R version 4.0.5 
Loading required package: gsubfn
Loading required package: proto
Loading required package: RSQLite
Warning message:
package 'sqldf' was built under R version 4.0.5 

Attaching package: 'rtweet'

The following object is masked from 'package:purrr':

    flatten

The following object is masked from 'package:twitteR':

    lookup_statuses

Warning message:
package 'mongolite' was built under R version 4.0.5 
Warning message:
package 'beepr' was built under R version 4.0.5 
List of 5
 $ nInserted  : num 1849
 $ nMatched   : num 0
 $ nRemoved   : num 0
 $ nUpserted  : num 0
 $ writeErrors: list()
Warning message:
package 'twitteR' was built under R version 4.0.5 
-- Attaching packages --------------------------------------- tidyverse 1.3.0 --
v ggplot2 3.3.5     v purrr   0.3.4
v tibble  3.1.6     v dplyr   1.0.7
v tidyr   1.1.4     v stringr 1.4.0
v readr   1.4.0     v forcats 0.5.0
-- Conflicts ------------------------------------------ tidyverse_conflicts() --
x dplyr::filter()   masks stats::filter()
x dplyr::id()       masks twitteR::id()
x dplyr::lag()      masks stats::lag()
x dplyr::location() masks twitteR::location()
Warning messages:
1: package 'ggplot2' was built under R version 4.0.5 
2: package 'tidyr' was built under R version 4.0.5 
3: package 'dplyr' was built under R version 4.0.5 
Warning message:
package 'splitstackshape' was built under R version 4.0.5 
Loading required package: gsubfn
Loading required package: proto
Loading required package: RSQLite
Warning message:
package 'sqldf' was built under R version 4.0.5 

Attaching package: 'rtweet'

The following object is masked from 'package:purrr':

    flatten

The following object is masked from 'package:twitteR':

    lookup_statuses

Warning message:
package 'mongolite' was built under R version 4.0.5 
Warning message:
package 'beepr' was built under R version 4.0.5 
List of 5
 $ nInserted  : num 1849
 $ nMatched   : num 0
 $ nRemoved   : num 0
 $ nUpserted  : num 0
 $ writeErrors: list()
Warning message:
package 'twitteR' was built under R version 4.0.5 
-- Attaching packages --------------------------------------- tidyverse 1.3.0 --
v ggplot2 3.3.5     v purrr   0.3.4
v tibble  3.1.6     v dplyr   1.0.7
v tidyr   1.1.4     v stringr 1.4.0
v readr   1.4.0     v forcats 0.5.0
-- Conflicts ------------------------------------------ tidyverse_conflicts() --
x dplyr::filter()   masks stats::filter()
x dplyr::id()       masks twitteR::id()
x dplyr::lag()      masks stats::lag()
x dplyr::location() masks twitteR::location()
Warning messages:
1: package 'ggplot2' was built under R version 4.0.5 
2: package 'tidyr' was built under R version 4.0.5 
3: package 'dplyr' was built under R version 4.0.5 
Warning message:
package 'splitstackshape' was built under R version 4.0.5 
Loading required package: gsubfn
Loading required package: proto
Loading required package: RSQLite
Warning message:
package 'sqldf' was built under R version 4.0.5 

Attaching package: 'rtweet'

The following object is masked from 'package:purrr':

    flatten

The following object is masked from 'package:twitteR':

    lookup_statuses

Warning message:
package 'mongolite' was built under R version 4.0.5 
Warning message:
package 'beepr' was built under R version 4.0.5 
List of 5
 $ nInserted  : num 1850
 $ nMatched   : num 0
 $ nRemoved   : num 0
 $ nUpserted  : num 0
 $ writeErrors: list()
